[21-Nov-2023 17:44:37] NOTICE: fpm is running, pid 42183
[21-Nov-2023 17:44:37] NOTICE: ready to handle connections
[21-Nov-2023 17:46:16] NOTICE: Terminating ...
[21-Nov-2023 17:46:16] NOTICE: Terminating ...
[21-Nov-2023 17:46:16] NOTICE: exiting, bye-bye!
[21-Nov-2023 17:46:26] NOTICE: fpm is running, pid 42485
[21-Nov-2023 17:46:26] NOTICE: ready to handle connections
[22-Nov-2023 13:24:42] NOTICE: Terminating ...
[22-Nov-2023 13:24:42] NOTICE: Terminating ...
[22-Nov-2023 13:24:42] NOTICE: exiting, bye-bye!
[22-Nov-2023 13:24:43] NOTICE: fpm is running, pid 54461
[22-Nov-2023 13:24:43] NOTICE: ready to handle connections
[22-Nov-2023 13:25:16] NOTICE: Terminating ...
[22-Nov-2023 13:25:16] NOTICE: Terminating ...
[22-Nov-2023 13:25:16] NOTICE: exiting, bye-bye!
[22-Nov-2023 13:25:19] NOTICE: fpm is running, pid 54514
[22-Nov-2023 13:25:19] NOTICE: ready to handle connections
[22-Nov-2023 13:25:49] NOTICE: Terminating ...
[22-Nov-2023 13:25:49] NOTICE: Terminating ...
[22-Nov-2023 13:25:49] NOTICE: exiting, bye-bye!
[22-Nov-2023 13:26:05] NOTICE: fpm is running, pid 54650
[22-Nov-2023 13:26:05] NOTICE: ready to handle connections
[22-Nov-2023 22:38:26] NOTICE: Terminating ...
[22-Nov-2023 22:38:26] NOTICE: Terminating ...
[22-Nov-2023 22:38:26] NOTICE: exiting, bye-bye!
[22-Nov-2023 22:38:27] NOTICE: fpm is running, pid 77963
[22-Nov-2023 22:38:27] NOTICE: ready to handle connections
[22-Nov-2023 22:44:11] NOTICE: Terminating ...
[22-Nov-2023 22:44:11] NOTICE: Terminating ...
[22-Nov-2023 22:44:11] NOTICE: exiting, bye-bye!
[22-Nov-2023 22:44:14] NOTICE: fpm is running, pid 78387
[22-Nov-2023 22:44:14] NOTICE: ready to handle connections
[24-Nov-2023 18:29:10] NOTICE: Terminating ...
[24-Nov-2023 18:29:10] NOTICE: Terminating ...
[24-Nov-2023 18:29:10] NOTICE: exiting, bye-bye!
[28-Dec-2023 17:01:18] NOTICE: fpm is running, pid 88356
[28-Dec-2023 17:01:18] NOTICE: ready to handle connections
[28-Dec-2023 17:21:18] NOTICE: Terminating ...
[28-Dec-2023 17:21:18] NOTICE: Terminating ...
[28-Dec-2023 17:21:18] NOTICE: exiting, bye-bye!
[30-Dec-2023 11:21:11] NOTICE: fpm is running, pid 97898
[30-Dec-2023 11:21:11] NOTICE: ready to handle connections
[30-Dec-2023 11:24:10] NOTICE: Terminating ...
[30-Dec-2023 11:24:10] NOTICE: Terminating ...
[30-Dec-2023 11:24:10] NOTICE: exiting, bye-bye!
[30-Dec-2023 11:33:32] NOTICE: fpm is running, pid 98059
[30-Dec-2023 11:33:32] NOTICE: ready to handle connections
[30-Dec-2023 21:51:24] NOTICE: Terminating ...
[30-Dec-2023 21:51:24] NOTICE: Terminating ...
[30-Dec-2023 21:51:24] NOTICE: exiting, bye-bye!
[01-Jan-2024 20:45:06] NOTICE: fpm is running, pid 966
[01-Jan-2024 20:45:06] NOTICE: ready to handle connections
[01-Jan-2024 22:08:20] NOTICE: Terminating ...
[01-Jan-2024 22:08:20] NOTICE: Terminating ...
[01-Jan-2024 22:08:20] NOTICE: exiting, bye-bye!
[02-Jan-2024 10:00:03] NOTICE: fpm is running, pid 1802
[02-Jan-2024 10:00:03] NOTICE: ready to handle connections
[02-Jan-2024 21:16:03] NOTICE: Terminating ...
[02-Jan-2024 21:16:03] NOTICE: Terminating ...
[02-Jan-2024 21:16:03] NOTICE: exiting, bye-bye!
[03-Jan-2024 22:25:12] NOTICE: fpm is running, pid 6101
[03-Jan-2024 22:25:12] NOTICE: ready to handle connections
[04-Jan-2024 00:46:22] NOTICE: Terminating ...
[04-Jan-2024 00:46:22] NOTICE: Terminating ...
[04-Jan-2024 00:46:22] NOTICE: exiting, bye-bye!
